<?xml version="1.0" encoding="UTF-8"?>
<testsuite name="org.owls.week1.baseball.TestBaseBall" tests="1" skipped="0" failures="0" errors="0" timestamp="2023-01-11T10:52:12" hostname="Juneyoungui-MacBookPro.local" time="0.029">
  <properties/>
  <testcase name="testPlay()" classname="org.owls.week1.baseball.TestBaseBall" time="0.029"/>
  <system-out><![CDATA[]]></system-out>
  <system-err><![CDATA[]]></system-err>
</testsuite>
